2014-05-31 22:18:39 Error: [MissingControllerException] Controller class JsController could not be found.
#0 /home/webonise/projects/php/app2014/re-locate/app/webroot/index.php(92): Dispatcher->dispatch(Object(CakeRequest), Object(CakeResponse))
#1 {main}
2014-05-31 22:18:43 Error: [MissingControllerException] Controller class JsController could not be found.
#0 /home/webonise/projects/php/app2014/re-locate/app/webroot/index.php(92): Dispatcher->dispatch(Object(CakeRequest), Object(CakeResponse))
#1 {main}
2014-05-31 22:18:56 Error: [MissingControllerException] Controller class JsController could not be found.
#0 /home/webonise/projects/php/app2014/re-locate/app/webroot/index.php(92): Dispatcher->dispatch(Object(CakeRequest), Object(CakeResponse))
#1 {main}
2014-05-31 22:24:39 Error: 
2014-05-31 22:24:49 Error: 
2014-05-31 23:03:02 Error: 
2014-05-31 23:03:28 Error: 
2014-05-31 23:03:30 Error: Array
(
    [ProjectsUser] => Array
        (
            [id] => 6
            [project_id] => 5
            [user_id] => 42
            [percentage_of_allocation] => 
            [salary_cost] => 
            [cost_a] => 
            [cost_b] => 
            [start] => 0000-00-00 00:00:00
            [end] => 0000-00-00 00:00:00
            [created] => 2014-05-31 22:24:49
            [modified] => 2014-05-31 22:24:49
        )

)

2014-05-31 23:03:40 Error: 
2014-05-31 23:04:02 Error: Array
(
    [ProjectsUser] => Array
        (
            [id] => 8
            [project_id] => 5
            [user_id] => 54
            [percentage_of_allocation] => 
            [salary_cost] => 
            [cost_a] => 
            [cost_b] => 
            [start] => 0000-00-00 00:00:00
            [end] => 0000-00-00 00:00:00
            [created] => 2014-05-31 23:03:28
            [modified] => 2014-05-31 23:03:28
        )

)

2014-05-31 23:04:07 Error: Array
(
    [ProjectsUser] => Array
        (
            [id] => 7
            [project_id] => 5
            [user_id] => 84
            [percentage_of_allocation] => 
            [salary_cost] => 
            [cost_a] => 
            [cost_b] => 
            [start] => 0000-00-00 00:00:00
            [end] => 0000-00-00 00:00:00
            [created] => 2014-05-31 23:03:02
            [modified] => 2014-05-31 23:03:02
        )

)

2014-05-31 23:04:17 Error: Array
(
    [ProjectsUser] => Array
        (
            [id] => 8
            [project_id] => 5
            [user_id] => 54
            [percentage_of_allocation] => 
            [salary_cost] => 
            [cost_a] => 
            [cost_b] => 
            [start] => 0000-00-00 00:00:00
            [end] => 0000-00-00 00:00:00
            [created] => 2014-05-31 23:03:28
            [modified] => 2014-05-31 23:03:28
        )

)

2014-05-31 23:04:20 Error: Array
(
    [ProjectsUser] => Array
        (
            [id] => 6
            [project_id] => 5
            [user_id] => 42
            [percentage_of_allocation] => 
            [salary_cost] => 
            [cost_a] => 
            [cost_b] => 
            [start] => 0000-00-00 00:00:00
            [end] => 0000-00-00 00:00:00
            [created] => 2014-05-31 22:24:49
            [modified] => 2014-05-31 22:24:49
        )

)

2014-05-31 23:04:24 Error: 
